<?xml version="1.0" encoding="UTF-8"?>
<testsuite xmlns:xsi="http://www.w3.org/2001/XMLSchema-instance" xsi:noNamespaceSchemaLocation="https://maven.apache.org/surefire/maven-surefire-plugin/xsd/surefire-test-report-3.0.xsd" version="3.0" name="com.example.springbootdemo3.SpringbootDemo3ApplicationTests" time="0.586" tests="2" errors="1" skipped="0" failures="0">
  <properties>
[...]
</properties>
  <testcase name="JWTParse" classname="com.example.springbootdemo3.SpringbootDemo3ApplicationTests" time="0.535">
    <error message="JWT expired at 2024-03-18T20:01:02Z. Current time: 2024-03-24T09:55:28Z, a difference of 482066652 milliseconds.  Allowed clock skew: 0 milliseconds." type="io.jsonwebtoken.ExpiredJwtException"><![CDATA[io.jsonwebtoken.ExpiredJwtException: JWT expired at 2024-03-18T20:01:02Z. Current time: 2024-03-24T09:55:28Z, a difference of 482066652 milliseconds.  Allowed clock skew: 0 milliseconds.
	at io.jsonwebtoken.impl.DefaultJwtParser.parse(DefaultJwtParser.java:385)
	at io.jsonwebtoken.impl.DefaultJwtParser.parse(DefaultJwtParser.java:481)
	at io.jsonwebtoken.impl.DefaultJwtParser.parseClaimsJws(DefaultJwtParser.java:541)
	at com.example.springbootdemo3.SpringbootDemo3ApplicationTests.JWTParse(SpringbootDemo3ApplicationTests.java:32)
	at java.base/java.lang.reflect.Method.invoke(Method.java:568)
	at java.base/java.util.ArrayList.forEach(ArrayList.java:1511)
	at java.base/java.util.ArrayList.forEach(ArrayList.java:1511)
]]></error>
  </testcase>
  <testcase name="JWTTest" classname="com.example.springbootdemo3.SpringbootDemo3ApplicationTests" time="0.029">
    <system-out><![CDATA[eyJhbGciOiJIUzI1NiJ9.eyJuYW1lIjoidG9tIiwiaWQiOjEsImV4cCI6MTcxMTI0NTQ0OH0.dq4OZxyTRacaaEdrusC-pBBCraFOkZIFUfAegGG9s64
]]></system-out>
  </testcase>
</testsuite>